<?xml version="1.0" encoding="UTF-8"?>
<!-- Generated by org.testng.reporters.JUnitReportReporter -->
<testsuite hostname="DESKTOP-T7GNR3C" failures="0" tests="4" name="com.androjava.proj3.App" time="71.720" errors="0" timestamp="2023-08-27T10:41:39 PDT" skipped="0">
  <testcase classname="com.androjava.proj3.App" name="login" time="0.037"/>
  <testcase classname="com.androjava.proj3.App" name="search" time="0.011"/>
  <testcase classname="com.androjava.proj3.App" name="dosetup" time="51.177"/>
  <testcase classname="com.androjava.proj3.App" name="openBrowser" time="20.495"/>
</testsuite> <!-- com.androjava.proj3.App -->
